<?xml version="1.0" encoding="UTF-8"?>
<!-- Generated by org.testng.reporters.JUnitReportReporter -->
<testsuite hostname="Shubham" failures="0" tests="1" name="Demo.Form1" time="37.787" errors="0" timestamp="2025-02-13T18:46:12 IST" skipped="0">
  <testcase classname="Demo.Form1" name="Amethode" time="37.787"/>
  <system-out/>
</testsuite> <!-- Demo.Form1 -->
